<?xml version="1.0" encoding="UTF-8"?>
<testsuite xmlns:xsi="http://www.w3.org/2001/XMLSchema-instance" xsi:schemaLocation="https://maven.apache.org/surefire/maven-surefire-plugin/xsd/surefire-test-report.xsd" name="TestSuite" time="1.751" tests="57" errors="0" skipped="53" failures="4">
  <properties>
[...]
</properties>
  <testcase name="setUp" classname="com.sevenstar.testcases.场景用例" time="1.423">
    <failure type="java.lang.NullPointerException">java.lang.NullPointerException
	at com.sevenstar.testcases.场景用例.setUp(场景用例.java:44)
</failure>
    <system-err><![CDATA[三月 17, 2017 2:23:07 下午 org.bridj.BridJ log
信息: Registering type org.sikuli.util.SysJNA$WinKernel32
三月 17, 2017 2:23:07 下午 org.bridj.BridJ log
信息: Registering type org.bridj.TimeT
三月 17, 2017 2:23:07 下午 org.bridj.BridJ log
信息: Registering type org.bridj.TimeT$timeval_customizer
三月 17, 2017 2:23:07 下午 org.bridj.BridJ log
信息: Registering type org.bridj.StructIO$DefaultCustomizer
三月 17, 2017 2:23:07 下午 org.bridj.BridJ log
信息: Registering type org.bridj.TimeT$timeval
三月 17, 2017 2:23:07 下午 org.bridj.BridJ log
信息: Registering type org.bridj.StructObject
三月 17, 2017 2:23:07 下午 org.bridj.BridJ log
信息: Registering type org.bridj.NativeObject
三月 17, 2017 2:23:07 下午 org.bridj.BridJ log
信息: Registering type org.bridj.AbstractIntegral
三月 17, 2017 2:23:07 下午 org.bridj.BridJ log
信息: Registering type java.lang.Number
]]></system-err>
  </testcase>
  <testcase name="setUp" classname="com.sevenstar.testcases.场景用例" time="0.054">
    <failure type="java.lang.NullPointerException">java.lang.NullPointerException
	at com.sevenstar.testcases.场景用例.setUp(场景用例.java:44)
</failure>
    <system-out><![CDATA[FAILED CONFIGURATION: @BeforeTest setUp("${browserName}", "多次下注中奖场景")
java.lang.NullPointerException
	at org.openqa.selenium.interactions.Actions.<init>(Actions.java:44)
	at com.mte.base.MteSenseCore.<init>(MteSenseCore.java:85)
	at com.mte.base.MteSenseBaseCase.beforeClass(MteSenseBaseCase.java:64)
	at com.sevenstar.testcases.场景用例.setUp(场景用例.java:44)
	at sun.reflect.NativeMethodAccessorImpl.invoke0(Native Method)
	at sun.reflect.NativeMethodAccessorImpl.invoke(NativeMethodAccessorImpl.java:62)
	at sun.reflect.DelegatingMethodAccessorImpl.invoke(DelegatingMethodAccessorImpl.java:43)
	at java.lang.reflect.Method.invoke(Method.java:498)
	at org.testng.internal.MethodInvocationHelper.invokeMethod(MethodInvocationHelper.java:104)
	at org.testng.internal.Invoker.invokeConfigurationMethod(Invoker.java:515)
	at org.testng.internal.Invoker.invokeConfigurations(Invoker.java:217)
	at org.testng.internal.Invoker.invokeConfigurations(Invoker.java:144)
	at org.testng.TestRunner.beforeRun(TestRunner.java:634)
	at org.testng.TestRunner.run(TestRunner.java:602)
	at org.testng.SuiteRunner.runTest(SuiteRunner.java:387)
	at org.testng.SuiteRunner.runSequentially(SuiteRunner.java:382)
	at org.testng.SuiteRunner.privateRun(SuiteRunner.java:340)
	at org.testng.SuiteRunner.run(SuiteRunner.java:289)
	at org.testng.SuiteRunnerWorker.runSuite(SuiteRunnerWorker.java:52)
	at org.testng.SuiteRunnerWorker.run(SuiteRunnerWorker.java:86)
	at org.testng.TestNG.runSuitesSequentially(TestNG.java:1293)
	at org.testng.TestNG.runSuitesLocally(TestNG.java:1218)
	at org.testng.TestNG.runSuites(TestNG.java:1133)
	at org.testng.TestNG.run(TestNG.java:1104)
	at org.apache.maven.surefire.testng.TestNGExecutor.run(TestNGExecutor.java:281)
	at org.apache.maven.surefire.testng.TestNGXmlTestSuite.execute(TestNGXmlTestSuite.java:75)
	at org.apache.maven.surefire.testng.TestNGProvider.invoke(TestNGProvider.java:121)
	at org.apache.maven.surefire.booter.ForkedBooter.invokeProviderInSameClassLoader(ForkedBooter.java:290)
	at org.apache.maven.surefire.booter.ForkedBooter.runSuitesInProcess(ForkedBooter.java:242)
	at org.apache.maven.surefire.booter.ForkedBooter.main(ForkedBooter.java:121)

SKIPPED CONFIGURATION: @BeforeMethod startTest
SKIPPED CONFIGURATION: @AfterMethod afterEachTest
SKIPPED CONFIGURATION: @AfterTest tearDown
SKIPPED: 设置定盘数据测试
java.lang.NullPointerException
	at org.openqa.selenium.interactions.Actions.<init>(Actions.java:44)
	at com.mte.base.MteSenseCore.<init>(MteSenseCore.java:85)
	at com.mte.base.MteSenseBaseCase.beforeClass(MteSenseBaseCase.java:64)
	at com.sevenstar.testcases.场景用例.setUp(场景用例.java:44)
	at sun.reflect.NativeMethodAccessorImpl.invoke0(Native Method)
	at sun.reflect.NativeMethodAccessorImpl.invoke(NativeMethodAccessorImpl.java:62)
	at sun.reflect.DelegatingMethodAccessorImpl.invoke(DelegatingMethodAccessorImpl.java:43)
	at java.lang.reflect.Method.invoke(Method.java:498)
	at org.testng.internal.MethodInvocationHelper.invokeMethod(MethodInvocationHelper.java:104)
	at org.testng.internal.Invoker.invokeConfigurationMethod(Invoker.java:515)
	at org.testng.internal.Invoker.invokeConfigurations(Invoker.java:217)
	at org.testng.internal.Invoker.invokeConfigurations(Invoker.java:144)
	at org.testng.TestRunner.beforeRun(TestRunner.java:634)
	at org.testng.TestRunner.run(TestRunner.java:602)
	at org.testng.SuiteRunner.runTest(SuiteRunner.java:387)
	at org.testng.SuiteRunner.runSequentially(SuiteRunner.java:382)
	at org.testng.SuiteRunner.privateRun(SuiteRunner.java:340)
	at org.testng.SuiteRunner.run(SuiteRunner.java:289)
	at org.testng.SuiteRunnerWorker.runSuite(SuiteRunnerWorker.java:52)
	at org.testng.SuiteRunnerWorker.run(SuiteRunnerWorker.java:86)
	at org.testng.TestNG.runSuitesSequentially(TestNG.java:1293)
	at org.testng.TestNG.runSuitesLocally(TestNG.java:1218)
	at org.testng.TestNG.runSuites(TestNG.java:1133)
	at org.testng.TestNG.run(TestNG.java:1104)
	at org.apache.maven.surefire.testng.TestNGExecutor.run(TestNGExecutor.java:281)
	at org.apache.maven.surefire.testng.TestNGXmlTestSuite.execute(TestNGXmlTestSuite.java:75)
	at org.apache.maven.surefire.testng.TestNGProvider.invoke(TestNGProvider.java:121)
	at org.apache.maven.surefire.booter.ForkedBooter.invokeProviderInSameClassLoader(ForkedBooter.java:290)
	at org.apache.maven.surefire.booter.ForkedBooter.runSuitesInProcess(ForkedBooter.java:242)
	at org.apache.maven.surefire.booter.ForkedBooter.main(ForkedBooter.java:121)

SKIPPED: 关盘测试
java.lang.Throwable: Method 场景用例.关盘测试()[pri:0, instance:com.sevenstar.testcases.场景用例@16267862] depends on not successfully finished methods
	at org.testng.internal.Invoker.invokeTestMethods(Invoker.java:1068)
	at org.testng.internal.TestMethodWorker.invokeTestMethods(TestMethodWorker.java:129)
	at org.testng.internal.TestMethodWorker.run(TestMethodWorker.java:112)
	at java.util.concurrent.ThreadPoolExecutor.runWorker(ThreadPoolExecutor.java:1142)
	at java.util.concurrent.ThreadPoolExecutor$Worker.run(ThreadPoolExecutor.java:617)
	at java.lang.Thread.run(Thread.java:745)

SKIPPED: 分批赔率测试
java.lang.Throwable: Method 场景用例.分批赔率测试()[pri:0, instance:com.sevenstar.testcases.场景用例@16267862] depends on not successfully finished methods
	at org.testng.internal.Invoker.invokeTestMethods(Invoker.java:1068)
	at org.testng.internal.TestMethodWorker.invokeTestMethods(TestMethodWorker.java:129)
	at org.testng.internal.TestMethodWorker.run(TestMethodWorker.java:112)
	at java.util.concurrent.ThreadPoolExecutor.runWorker(ThreadPoolExecutor.java:1142)
	at java.util.concurrent.ThreadPoolExecutor$Worker.run(ThreadPoolExecutor.java:617)
	at java.lang.Thread.run(Thread.java:745)

SKIPPED: 越级操作测试
java.lang.Throwable: Method 场景用例.越级操作测试()[pri:0, instance:com.sevenstar.testcases.场景用例@16267862] depends on not successfully finished methods
	at org.testng.internal.Invoker.invokeTestMethods(Invoker.java:1068)
	at org.testng.internal.TestMethodWorker.invokeTestMethods(TestMethodWorker.java:129)
	at org.testng.internal.TestMethodWorker.run(TestMethodWorker.java:112)
	at java.util.concurrent.ThreadPoolExecutor.runWorker(ThreadPoolExecutor.java:1142)
	at java.util.concurrent.ThreadPoolExecutor$Worker.run(ThreadPoolExecutor.java:617)
	at java.lang.Thread.run(Thread.java:745)

SKIPPED: 拦货金额测试
java.lang.Throwable: Method 场景用例.拦货金额测试()[pri:0, instance:com.sevenstar.testcases.场景用例@16267862] depends on not successfully finished methods
	at org.testng.internal.Invoker.invokeTestMethods(Invoker.java:1068)
	at org.testng.internal.TestMethodWorker.invokeTestMethods(TestMethodWorker.java:129)
	at org.testng.internal.TestMethodWorker.run(TestMethodWorker.java:112)
	at java.util.concurrent.ThreadPoolExecutor.runWorker(ThreadPoolExecutor.java:1142)
	at java.util.concurrent.ThreadPoolExecutor$Worker.run(ThreadPoolExecutor.java:617)
	at java.lang.Thread.run(Thread.java:745)

SKIPPED: 开盘测试
java.lang.Throwable: Method 场景用例.开盘测试()[pri:0, instance:com.sevenstar.testcases.场景用例@16267862] depends on not successfully finished methods
	at org.testng.internal.Invoker.invokeTestMethods(Invoker.java:1068)
	at org.testng.internal.TestMethodWorker.invokeTestMethods(TestMethodWorker.java:129)
	at org.testng.internal.TestMethodWorker.run(TestMethodWorker.java:112)
	at java.util.concurrent.ThreadPoolExecutor.runWorker(ThreadPoolExecutor.java:1142)
	at java.util.concurrent.ThreadPoolExecutor$Worker.run(ThreadPoolExecutor.java:617)
	at java.lang.Thread.run(Thread.java:745)

SKIPPED: 快打下注测试
java.lang.Throwable: Method 场景用例.快打下注测试()[pri:0, instance:com.sevenstar.testcases.场景用例@16267862] depends on not successfully finished methods
	at org.testng.internal.Invoker.invokeTestMethods(Invoker.java:1068)
	at org.testng.internal.TestMethodWorker.invokeTestMethods(TestMethodWorker.java:129)
	at org.testng.internal.TestMethodWorker.run(TestMethodWorker.java:112)
	at java.util.concurrent.ThreadPoolExecutor.runWorker(ThreadPoolExecutor.java:1142)
	at java.util.concurrent.ThreadPoolExecutor$Worker.run(ThreadPoolExecutor.java:617)
	at java.lang.Thread.run(Thread.java:745)

SKIPPED: 结账前报表验证
java.lang.Throwable: Method 场景用例.结账前报表验证()[pri:0, instance:com.sevenstar.testcases.场景用例@16267862] depends on not successfully finished methods
	at org.testng.internal.Invoker.invokeTestMethods(Invoker.java:1068)
	at org.testng.internal.TestMethodWorker.invokeTestMethods(TestMethodWorker.java:129)
	at org.testng.internal.TestMethodWorker.run(TestMethodWorker.java:112)
	at java.util.concurrent.ThreadPoolExecutor.runWorker(ThreadPoolExecutor.java:1142)
	at java.util.concurrent.ThreadPoolExecutor$Worker.run(ThreadPoolExecutor.java:617)
	at java.lang.Thread.run(Thread.java:745)

SKIPPED: 关盘结账
java.lang.Throwable: Method 场景用例.关盘结账()[pri:0, instance:com.sevenstar.testcases.场景用例@16267862] depends on not successfully finished methods
	at org.testng.internal.Invoker.invokeTestMethods(Invoker.java:1068)
	at org.testng.internal.TestMethodWorker.invokeTestMethods(TestMethodWorker.java:129)
	at org.testng.internal.TestMethodWorker.run(TestMethodWorker.java:112)
	at java.util.concurrent.ThreadPoolExecutor.runWorker(ThreadPoolExecutor.java:1142)
	at java.util.concurrent.ThreadPoolExecutor$Worker.run(ThreadPoolExecutor.java:617)
	at java.lang.Thread.run(Thread.java:745)

SKIPPED: 结账后报表验证
java.lang.Throwable: Method 场景用例.结账后报表验证()[pri:0, instance:com.sevenstar.testcases.场景用例@16267862] depends on not successfully finished methods
	at org.testng.internal.Invoker.invokeTestMethods(Invoker.java:1068)
	at org.testng.internal.TestMethodWorker.invokeTestMethods(TestMethodWorker.java:129)
	at org.testng.internal.TestMethodWorker.run(TestMethodWorker.java:112)
	at java.util.concurrent.ThreadPoolExecutor.runWorker(ThreadPoolExecutor.java:1142)
	at java.util.concurrent.ThreadPoolExecutor$Worker.run(ThreadPoolExecutor.java:617)
	at java.lang.Thread.run(Thread.java:745)


===============================================
    1
    Tests run: 10, Failures: 0, Skips: 10
    Configuration Failures: 1, Skips: 3
===============================================

]]></system-out>
  </testcase>
  <testcase name="setUp" classname="com.sevenstar.testcases.场景用例" time="0.034">
    <failure type="java.lang.NullPointerException">java.lang.NullPointerException
	at com.sevenstar.testcases.场景用例.setUp(场景用例.java:44)
</failure>
    <system-out><![CDATA[FAILED CONFIGURATION: @BeforeTest setUp("${browserName}", "多次下注未中奖场景")
java.lang.NullPointerException
	at org.openqa.selenium.interactions.Actions.<init>(Actions.java:44)
	at com.mte.base.MteSenseCore.<init>(MteSenseCore.java:85)
	at com.mte.base.MteSenseBaseCase.beforeClass(MteSenseBaseCase.java:64)
	at com.sevenstar.testcases.场景用例.setUp(场景用例.java:44)
	at sun.reflect.NativeMethodAccessorImpl.invoke0(Native Method)
	at sun.reflect.NativeMethodAccessorImpl.invoke(NativeMethodAccessorImpl.java:62)
	at sun.reflect.DelegatingMethodAccessorImpl.invoke(DelegatingMethodAccessorImpl.java:43)
	at java.lang.reflect.Method.invoke(Method.java:498)
	at org.testng.internal.MethodInvocationHelper.invokeMethod(MethodInvocationHelper.java:104)
	at org.testng.internal.Invoker.invokeConfigurationMethod(Invoker.java:515)
	at org.testng.internal.Invoker.invokeConfigurations(Invoker.java:217)
	at org.testng.internal.Invoker.invokeConfigurations(Invoker.java:144)
	at org.testng.TestRunner.beforeRun(TestRunner.java:634)
	at org.testng.TestRunner.run(TestRunner.java:602)
	at org.testng.SuiteRunner.runTest(SuiteRunner.java:387)
	at org.testng.SuiteRunner.runSequentially(SuiteRunner.java:382)
	at org.testng.SuiteRunner.privateRun(SuiteRunner.java:340)
	at org.testng.SuiteRunner.run(SuiteRunner.java:289)
	at org.testng.SuiteRunnerWorker.runSuite(SuiteRunnerWorker.java:52)
	at org.testng.SuiteRunnerWorker.run(SuiteRunnerWorker.java:86)
	at org.testng.TestNG.runSuitesSequentially(TestNG.java:1293)
	at org.testng.TestNG.runSuitesLocally(TestNG.java:1218)
	at org.testng.TestNG.runSuites(TestNG.java:1133)
	at org.testng.TestNG.run(TestNG.java:1104)
	at org.apache.maven.surefire.testng.TestNGExecutor.run(TestNGExecutor.java:281)
	at org.apache.maven.surefire.testng.TestNGXmlTestSuite.execute(TestNGXmlTestSuite.java:75)
	at org.apache.maven.surefire.testng.TestNGProvider.invoke(TestNGProvider.java:121)
	at org.apache.maven.surefire.booter.ForkedBooter.invokeProviderInSameClassLoader(ForkedBooter.java:290)
	at org.apache.maven.surefire.booter.ForkedBooter.runSuitesInProcess(ForkedBooter.java:242)
	at org.apache.maven.surefire.booter.ForkedBooter.main(ForkedBooter.java:121)

SKIPPED CONFIGURATION: @BeforeMethod startTest
SKIPPED CONFIGURATION: @AfterMethod afterEachTest
SKIPPED CONFIGURATION: @AfterTest tearDown
SKIPPED: 设置定盘数据测试
java.lang.NullPointerException
	at org.openqa.selenium.interactions.Actions.<init>(Actions.java:44)
	at com.mte.base.MteSenseCore.<init>(MteSenseCore.java:85)
	at com.mte.base.MteSenseBaseCase.beforeClass(MteSenseBaseCase.java:64)
	at com.sevenstar.testcases.场景用例.setUp(场景用例.java:44)
	at sun.reflect.NativeMethodAccessorImpl.invoke0(Native Method)
	at sun.reflect.NativeMethodAccessorImpl.invoke(NativeMethodAccessorImpl.java:62)
	at sun.reflect.DelegatingMethodAccessorImpl.invoke(DelegatingMethodAccessorImpl.java:43)
	at java.lang.reflect.Method.invoke(Method.java:498)
	at org.testng.internal.MethodInvocationHelper.invokeMethod(MethodInvocationHelper.java:104)
	at org.testng.internal.Invoker.invokeConfigurationMethod(Invoker.java:515)
	at org.testng.internal.Invoker.invokeConfigurations(Invoker.java:217)
	at org.testng.internal.Invoker.invokeConfigurations(Invoker.java:144)
	at org.testng.TestRunner.beforeRun(TestRunner.java:634)
	at org.testng.TestRunner.run(TestRunner.java:602)
	at org.testng.SuiteRunner.runTest(SuiteRunner.java:387)
	at org.testng.SuiteRunner.runSequentially(SuiteRunner.java:382)
	at org.testng.SuiteRunner.privateRun(SuiteRunner.java:340)
	at org.testng.SuiteRunner.run(SuiteRunner.java:289)
	at org.testng.SuiteRunnerWorker.runSuite(SuiteRunnerWorker.java:52)
	at org.testng.SuiteRunnerWorker.run(SuiteRunnerWorker.java:86)
	at org.testng.TestNG.runSuitesSequentially(TestNG.java:1293)
	at org.testng.TestNG.runSuitesLocally(TestNG.java:1218)
	at org.testng.TestNG.runSuites(TestNG.java:1133)
	at org.testng.TestNG.run(TestNG.java:1104)
	at org.apache.maven.surefire.testng.TestNGExecutor.run(TestNGExecutor.java:281)
	at org.apache.maven.surefire.testng.TestNGXmlTestSuite.execute(TestNGXmlTestSuite.java:75)
	at org.apache.maven.surefire.testng.TestNGProvider.invoke(TestNGProvider.java:121)
	at org.apache.maven.surefire.booter.ForkedBooter.invokeProviderInSameClassLoader(ForkedBooter.java:290)
	at org.apache.maven.surefire.booter.ForkedBooter.runSuitesInProcess(ForkedBooter.java:242)
	at org.apache.maven.surefire.booter.ForkedBooter.main(ForkedBooter.java:121)

SKIPPED: 关盘测试
java.lang.Throwable: Method 场景用例.关盘测试()[pri:0, instance:com.sevenstar.testcases.场景用例@221af3c0] depends on not successfully finished methods
	at org.testng.internal.Invoker.invokeTestMethods(Invoker.java:1068)
	at org.testng.internal.TestMethodWorker.invokeTestMethods(TestMethodWorker.java:129)
	at org.testng.internal.TestMethodWorker.run(TestMethodWorker.java:112)
	at java.util.concurrent.ThreadPoolExecutor.runWorker(ThreadPoolExecutor.java:1142)
	at java.util.concurrent.ThreadPoolExecutor$Worker.run(ThreadPoolExecutor.java:617)
	at java.lang.Thread.run(Thread.java:745)

SKIPPED: 分批赔率测试
java.lang.Throwable: Method 场景用例.分批赔率测试()[pri:0, instance:com.sevenstar.testcases.场景用例@221af3c0] depends on not successfully finished methods
	at org.testng.internal.Invoker.invokeTestMethods(Invoker.java:1068)
	at org.testng.internal.TestMethodWorker.invokeTestMethods(TestMethodWorker.java:129)
	at org.testng.internal.TestMethodWorker.run(TestMethodWorker.java:112)
	at java.util.concurrent.ThreadPoolExecutor.runWorker(ThreadPoolExecutor.java:1142)
	at java.util.concurrent.ThreadPoolExecutor$Worker.run(ThreadPoolExecutor.java:617)
	at java.lang.Thread.run(Thread.java:745)

SKIPPED: 越级操作测试
java.lang.Throwable: Method 场景用例.越级操作测试()[pri:0, instance:com.sevenstar.testcases.场景用例@221af3c0] depends on not successfully finished methods
	at org.testng.internal.Invoker.invokeTestMethods(Invoker.java:1068)
	at org.testng.internal.TestMethodWorker.invokeTestMethods(TestMethodWorker.java:129)
	at org.testng.internal.TestMethodWorker.run(TestMethodWorker.java:112)
	at java.util.concurrent.ThreadPoolExecutor.runWorker(ThreadPoolExecutor.java:1142)
	at java.util.concurrent.ThreadPoolExecutor$Worker.run(ThreadPoolExecutor.java:617)
	at java.lang.Thread.run(Thread.java:745)

SKIPPED: 拦货金额测试
java.lang.Throwable: Method 场景用例.拦货金额测试()[pri:0, instance:com.sevenstar.testcases.场景用例@221af3c0] depends on not successfully finished methods
	at org.testng.internal.Invoker.invokeTestMethods(Invoker.java:1068)
	at org.testng.internal.TestMethodWorker.invokeTestMethods(TestMethodWorker.java:129)
	at org.testng.internal.TestMethodWorker.run(TestMethodWorker.java:112)
	at java.util.concurrent.ThreadPoolExecutor.runWorker(ThreadPoolExecutor.java:1142)
	at java.util.concurrent.ThreadPoolExecutor$Worker.run(ThreadPoolExecutor.java:617)
	at java.lang.Thread.run(Thread.java:745)

SKIPPED: 开盘测试
java.lang.Throwable: Method 场景用例.开盘测试()[pri:0, instance:com.sevenstar.testcases.场景用例@221af3c0] depends on not successfully finished methods
	at org.testng.internal.Invoker.invokeTestMethods(Invoker.java:1068)
	at org.testng.internal.TestMethodWorker.invokeTestMethods(TestMethodWorker.java:129)
	at org.testng.internal.TestMethodWorker.run(TestMethodWorker.java:112)
	at java.util.concurrent.ThreadPoolExecutor.runWorker(ThreadPoolExecutor.java:1142)
	at java.util.concurrent.ThreadPoolExecutor$Worker.run(ThreadPoolExecutor.java:617)
	at java.lang.Thread.run(Thread.java:745)

SKIPPED: 快打下注测试
java.lang.Throwable: Method 场景用例.快打下注测试()[pri:0, instance:com.sevenstar.testcases.场景用例@221af3c0] depends on not successfully finished methods
	at org.testng.internal.Invoker.invokeTestMethods(Invoker.java:1068)
	at org.testng.internal.TestMethodWorker.invokeTestMethods(TestMethodWorker.java:129)
	at org.testng.internal.TestMethodWorker.run(TestMethodWorker.java:112)
	at java.util.concurrent.ThreadPoolExecutor.runWorker(ThreadPoolExecutor.java:1142)
	at java.util.concurrent.ThreadPoolExecutor$Worker.run(ThreadPoolExecutor.java:617)
	at java.lang.Thread.run(Thread.java:745)

SKIPPED: 结账前报表验证
java.lang.Throwable: Method 场景用例.结账前报表验证()[pri:0, instance:com.sevenstar.testcases.场景用例@221af3c0] depends on not successfully finished methods
	at org.testng.internal.Invoker.invokeTestMethods(Invoker.java:1068)
	at org.testng.internal.TestMethodWorker.invokeTestMethods(TestMethodWorker.java:129)
	at org.testng.internal.TestMethodWorker.run(TestMethodWorker.java:112)
	at java.util.concurrent.ThreadPoolExecutor.runWorker(ThreadPoolExecutor.java:1142)
	at java.util.concurrent.ThreadPoolExecutor$Worker.run(ThreadPoolExecutor.java:617)
	at java.lang.Thread.run(Thread.java:745)

SKIPPED: 关盘结账
java.lang.Throwable: Method 场景用例.关盘结账()[pri:0, instance:com.sevenstar.testcases.场景用例@221af3c0] depends on not successfully finished methods
	at org.testng.internal.Invoker.invokeTestMethods(Invoker.java:1068)
	at org.testng.internal.TestMethodWorker.invokeTestMethods(TestMethodWorker.java:129)
	at org.testng.internal.TestMethodWorker.run(TestMethodWorker.java:112)
	at java.util.concurrent.ThreadPoolExecutor.runWorker(ThreadPoolExecutor.java:1142)
	at java.util.concurrent.ThreadPoolExecutor$Worker.run(ThreadPoolExecutor.java:617)
	at java.lang.Thread.run(Thread.java:745)

SKIPPED: 结账后报表验证
java.lang.Throwable: Method 场景用例.结账后报表验证()[pri:0, instance:com.sevenstar.testcases.场景用例@221af3c0] depends on not successfully finished methods
	at org.testng.internal.Invoker.invokeTestMethods(Invoker.java:1068)
	at org.testng.internal.TestMethodWorker.invokeTestMethods(TestMethodWorker.java:129)
	at org.testng.internal.TestMethodWorker.run(TestMethodWorker.java:112)
	at java.util.concurrent.ThreadPoolExecutor.runWorker(ThreadPoolExecutor.java:1142)
	at java.util.concurrent.ThreadPoolExecutor$Worker.run(ThreadPoolExecutor.java:617)
	at java.lang.Thread.run(Thread.java:745)


===============================================
    2
    Tests run: 10, Failures: 0, Skips: 10
    Configuration Failures: 1, Skips: 3
===============================================

]]></system-out>
  </testcase>
  <testcase name="setUp" classname="com.sevenstar.testcases.场景用例" time="0.033">
    <failure type="java.lang.NullPointerException">java.lang.NullPointerException
	at com.sevenstar.testcases.场景用例.setUp(场景用例.java:44)
</failure>
    <system-out><![CDATA[FAILED CONFIGURATION: @BeforeTest setUp("${browserName}", "单次下注中奖场景")
java.lang.NullPointerException
	at org.openqa.selenium.interactions.Actions.<init>(Actions.java:44)
	at com.mte.base.MteSenseCore.<init>(MteSenseCore.java:85)
	at com.mte.base.MteSenseBaseCase.beforeClass(MteSenseBaseCase.java:64)
	at com.sevenstar.testcases.场景用例.setUp(场景用例.java:44)
	at sun.reflect.NativeMethodAccessorImpl.invoke0(Native Method)
	at sun.reflect.NativeMethodAccessorImpl.invoke(NativeMethodAccessorImpl.java:62)
	at sun.reflect.DelegatingMethodAccessorImpl.invoke(DelegatingMethodAccessorImpl.java:43)
	at java.lang.reflect.Method.invoke(Method.java:498)
	at org.testng.internal.MethodInvocationHelper.invokeMethod(MethodInvocationHelper.java:104)
	at org.testng.internal.Invoker.invokeConfigurationMethod(Invoker.java:515)
	at org.testng.internal.Invoker.invokeConfigurations(Invoker.java:217)
	at org.testng.internal.Invoker.invokeConfigurations(Invoker.java:144)
	at org.testng.TestRunner.beforeRun(TestRunner.java:634)
	at org.testng.TestRunner.run(TestRunner.java:602)
	at org.testng.SuiteRunner.runTest(SuiteRunner.java:387)
	at org.testng.SuiteRunner.runSequentially(SuiteRunner.java:382)
	at org.testng.SuiteRunner.privateRun(SuiteRunner.java:340)
	at org.testng.SuiteRunner.run(SuiteRunner.java:289)
	at org.testng.SuiteRunnerWorker.runSuite(SuiteRunnerWorker.java:52)
	at org.testng.SuiteRunnerWorker.run(SuiteRunnerWorker.java:86)
	at org.testng.TestNG.runSuitesSequentially(TestNG.java:1293)
	at org.testng.TestNG.runSuitesLocally(TestNG.java:1218)
	at org.testng.TestNG.runSuites(TestNG.java:1133)
	at org.testng.TestNG.run(TestNG.java:1104)
	at org.apache.maven.surefire.testng.TestNGExecutor.run(TestNGExecutor.java:281)
	at org.apache.maven.surefire.testng.TestNGXmlTestSuite.execute(TestNGXmlTestSuite.java:75)
	at org.apache.maven.surefire.testng.TestNGProvider.invoke(TestNGProvider.java:121)
	at org.apache.maven.surefire.booter.ForkedBooter.invokeProviderInSameClassLoader(ForkedBooter.java:290)
	at org.apache.maven.surefire.booter.ForkedBooter.runSuitesInProcess(ForkedBooter.java:242)
	at org.apache.maven.surefire.booter.ForkedBooter.main(ForkedBooter.java:121)

SKIPPED CONFIGURATION: @BeforeMethod startTest
SKIPPED CONFIGURATION: @AfterMethod afterEachTest
SKIPPED CONFIGURATION: @AfterTest tearDown
SKIPPED: 设置定盘数据测试
java.lang.NullPointerException
	at org.openqa.selenium.interactions.Actions.<init>(Actions.java:44)
	at com.mte.base.MteSenseCore.<init>(MteSenseCore.java:85)
	at com.mte.base.MteSenseBaseCase.beforeClass(MteSenseBaseCase.java:64)
	at com.sevenstar.testcases.场景用例.setUp(场景用例.java:44)
	at sun.reflect.NativeMethodAccessorImpl.invoke0(Native Method)
	at sun.reflect.NativeMethodAccessorImpl.invoke(NativeMethodAccessorImpl.java:62)
	at sun.reflect.DelegatingMethodAccessorImpl.invoke(DelegatingMethodAccessorImpl.java:43)
	at java.lang.reflect.Method.invoke(Method.java:498)
	at org.testng.internal.MethodInvocationHelper.invokeMethod(MethodInvocationHelper.java:104)
	at org.testng.internal.Invoker.invokeConfigurationMethod(Invoker.java:515)
	at org.testng.internal.Invoker.invokeConfigurations(Invoker.java:217)
	at org.testng.internal.Invoker.invokeConfigurations(Invoker.java:144)
	at org.testng.TestRunner.beforeRun(TestRunner.java:634)
	at org.testng.TestRunner.run(TestRunner.java:602)
	at org.testng.SuiteRunner.runTest(SuiteRunner.java:387)
	at org.testng.SuiteRunner.runSequentially(SuiteRunner.java:382)
	at org.testng.SuiteRunner.privateRun(SuiteRunner.java:340)
	at org.testng.SuiteRunner.run(SuiteRunner.java:289)
	at org.testng.SuiteRunnerWorker.runSuite(SuiteRunnerWorker.java:52)
	at org.testng.SuiteRunnerWorker.run(SuiteRunnerWorker.java:86)
	at org.testng.TestNG.runSuitesSequentially(TestNG.java:1293)
	at org.testng.TestNG.runSuitesLocally(TestNG.java:1218)
	at org.testng.TestNG.runSuites(TestNG.java:1133)
	at org.testng.TestNG.run(TestNG.java:1104)
	at org.apache.maven.surefire.testng.TestNGExecutor.run(TestNGExecutor.java:281)
	at org.apache.maven.surefire.testng.TestNGXmlTestSuite.execute(TestNGXmlTestSuite.java:75)
	at org.apache.maven.surefire.testng.TestNGProvider.invoke(TestNGProvider.java:121)
	at org.apache.maven.surefire.booter.ForkedBooter.invokeProviderInSameClassLoader(ForkedBooter.java:290)
	at org.apache.maven.surefire.booter.ForkedBooter.runSuitesInProcess(ForkedBooter.java:242)
	at org.apache.maven.surefire.booter.ForkedBooter.main(ForkedBooter.java:121)

SKIPPED: 关盘测试
java.lang.Throwable: Method 场景用例.关盘测试()[pri:0, instance:com.sevenstar.testcases.场景用例@ba8d91c] depends on not successfully finished methods
	at org.testng.internal.Invoker.invokeTestMethods(Invoker.java:1068)
	at org.testng.internal.TestMethodWorker.invokeTestMethods(TestMethodWorker.java:129)
	at org.testng.internal.TestMethodWorker.run(TestMethodWorker.java:112)
	at java.util.concurrent.ThreadPoolExecutor.runWorker(ThreadPoolExecutor.java:1142)
	at java.util.concurrent.ThreadPoolExecutor$Worker.run(ThreadPoolExecutor.java:617)
	at java.lang.Thread.run(Thread.java:745)

SKIPPED: 分批赔率测试
java.lang.Throwable: Method 场景用例.分批赔率测试()[pri:0, instance:com.sevenstar.testcases.场景用例@ba8d91c] depends on not successfully finished methods
	at org.testng.internal.Invoker.invokeTestMethods(Invoker.java:1068)
	at org.testng.internal.TestMethodWorker.invokeTestMethods(TestMethodWorker.java:129)
	at org.testng.internal.TestMethodWorker.run(TestMethodWorker.java:112)
	at java.util.concurrent.ThreadPoolExecutor.runWorker(ThreadPoolExecutor.java:1142)
	at java.util.concurrent.ThreadPoolExecutor$Worker.run(ThreadPoolExecutor.java:617)
	at java.lang.Thread.run(Thread.java:745)

SKIPPED: 越级操作测试
java.lang.Throwable: Method 场景用例.越级操作测试()[pri:0, instance:com.sevenstar.testcases.场景用例@ba8d91c] depends on not successfully finished methods
	at org.testng.internal.Invoker.invokeTestMethods(Invoker.java:1068)
	at org.testng.internal.TestMethodWorker.invokeTestMethods(TestMethodWorker.java:129)
	at org.testng.internal.TestMethodWorker.run(TestMethodWorker.java:112)
	at java.util.concurrent.ThreadPoolExecutor.runWorker(ThreadPoolExecutor.java:1142)
	at java.util.concurrent.ThreadPoolExecutor$Worker.run(ThreadPoolExecutor.java:617)
	at java.lang.Thread.run(Thread.java:745)

SKIPPED: 拦货金额测试
java.lang.Throwable: Method 场景用例.拦货金额测试()[pri:0, instance:com.sevenstar.testcases.场景用例@ba8d91c] depends on not successfully finished methods
	at org.testng.internal.Invoker.invokeTestMethods(Invoker.java:1068)
	at org.testng.internal.TestMethodWorker.invokeTestMethods(TestMethodWorker.java:129)
	at org.testng.internal.TestMethodWorker.run(TestMethodWorker.java:112)
	at java.util.concurrent.ThreadPoolExecutor.runWorker(ThreadPoolExecutor.java:1142)
	at java.util.concurrent.ThreadPoolExecutor$Worker.run(ThreadPoolExecutor.java:617)
	at java.lang.Thread.run(Thread.java:745)

SKIPPED: 开盘测试
java.lang.Throwable: Method 场景用例.开盘测试()[pri:0, instance:com.sevenstar.testcases.场景用例@ba8d91c] depends on not successfully finished methods
	at org.testng.internal.Invoker.invokeTestMethods(Invoker.java:1068)
	at org.testng.internal.TestMethodWorker.invokeTestMethods(TestMethodWorker.java:129)
	at org.testng.internal.TestMethodWorker.run(TestMethodWorker.java:112)
	at java.util.concurrent.ThreadPoolExecutor.runWorker(ThreadPoolExecutor.java:1142)
	at java.util.concurrent.ThreadPoolExecutor$Worker.run(ThreadPoolExecutor.java:617)
	at java.lang.Thread.run(Thread.java:745)

SKIPPED: 快打下注测试
java.lang.Throwable: Method 场景用例.快打下注测试()[pri:0, instance:com.sevenstar.testcases.场景用例@ba8d91c] depends on not successfully finished methods
	at org.testng.internal.Invoker.invokeTestMethods(Invoker.java:1068)
	at org.testng.internal.TestMethodWorker.invokeTestMethods(TestMethodWorker.java:129)
	at org.testng.internal.TestMethodWorker.run(TestMethodWorker.java:112)
	at java.util.concurrent.ThreadPoolExecutor.runWorker(ThreadPoolExecutor.java:1142)
	at java.util.concurrent.ThreadPoolExecutor$Worker.run(ThreadPoolExecutor.java:617)
	at java.lang.Thread.run(Thread.java:745)

SKIPPED: 结账前报表验证
java.lang.Throwable: Method 场景用例.结账前报表验证()[pri:0, instance:com.sevenstar.testcases.场景用例@ba8d91c] depends on not successfully finished methods
	at org.testng.internal.Invoker.invokeTestMethods(Invoker.java:1068)
	at org.testng.internal.TestMethodWorker.invokeTestMethods(TestMethodWorker.java:129)
	at org.testng.internal.TestMethodWorker.run(TestMethodWorker.java:112)
	at java.util.concurrent.ThreadPoolExecutor.runWorker(ThreadPoolExecutor.java:1142)
	at java.util.concurrent.ThreadPoolExecutor$Worker.run(ThreadPoolExecutor.java:617)
	at java.lang.Thread.run(Thread.java:745)

SKIPPED: 关盘结账
java.lang.Throwable: Method 场景用例.关盘结账()[pri:0, instance:com.sevenstar.testcases.场景用例@ba8d91c] depends on not successfully finished methods
	at org.testng.internal.Invoker.invokeTestMethods(Invoker.java:1068)
	at org.testng.internal.TestMethodWorker.invokeTestMethods(TestMethodWorker.java:129)
	at org.testng.internal.TestMethodWorker.run(TestMethodWorker.java:112)
	at java.util.concurrent.ThreadPoolExecutor.runWorker(ThreadPoolExecutor.java:1142)
	at java.util.concurrent.ThreadPoolExecutor$Worker.run(ThreadPoolExecutor.java:617)
	at java.lang.Thread.run(Thread.java:745)

SKIPPED: 结账后报表验证
java.lang.Throwable: Method 场景用例.结账后报表验证()[pri:0, instance:com.sevenstar.testcases.场景用例@ba8d91c] depends on not successfully finished methods
	at org.testng.internal.Invoker.invokeTestMethods(Invoker.java:1068)
	at org.testng.internal.TestMethodWorker.invokeTestMethods(TestMethodWorker.java:129)
	at org.testng.internal.TestMethodWorker.run(TestMethodWorker.java:112)
	at java.util.concurrent.ThreadPoolExecutor.runWorker(ThreadPoolExecutor.java:1142)
	at java.util.concurrent.ThreadPoolExecutor$Worker.run(ThreadPoolExecutor.java:617)
	at java.lang.Thread.run(Thread.java:745)


===============================================
    3
    Tests run: 10, Failures: 0, Skips: 10
    Configuration Failures: 1, Skips: 3
===============================================

]]></system-out>
  </testcase>
  <testcase name="startTest" classname="com.sevenstar.testcases.场景用例" time="0">
    <skipped/>
    <system-out><![CDATA[[TestRunner] Starting executor for test 1 with time out:2147483647 milliseconds.
]]></system-out>
  </testcase>
  <testcase name="startTest" classname="com.sevenstar.testcases.场景用例" time="0">
    <skipped/>
    <system-out><![CDATA[[TestRunner] Starting executor for test 2 with time out:2147483647 milliseconds.
]]></system-out>
  </testcase>
  <testcase name="startTest" classname="com.sevenstar.testcases.场景用例" time="0">
    <skipped/>
    <system-out><![CDATA[[TestRunner] Starting executor for test 3 with time out:2147483647 milliseconds.
]]></system-out>
  </testcase>
  <testcase name="startTest" classname="com.sevenstar.testcases.场景用例" time="0">
    <skipped/>
    <system-out><![CDATA[[TestRunner] Starting executor for test 4 with time out:2147483647 milliseconds.
]]></system-out>
  </testcase>
  <testcase name="设置定盘数据测试" classname="com.sevenstar.testcases.场景用例" time="0">
    <skipped/>
  </testcase>
  <testcase name="设置定盘数据测试" classname="com.sevenstar.testcases.场景用例" time="0">
    <skipped/>
  </testcase>
  <testcase name="设置定盘数据测试" classname="com.sevenstar.testcases.场景用例" time="0">
    <skipped/>
  </testcase>
  <testcase name="设置定盘数据测试" classname="com.sevenstar.testcases.场景用例" time="0">
    <skipped/>
  </testcase>
  <testcase name="afterEachTest" classname="com.sevenstar.testcases.场景用例" time="0">
    <skipped/>
  </testcase>
  <testcase name="afterEachTest" classname="com.sevenstar.testcases.场景用例" time="0">
    <skipped/>
  </testcase>
  <testcase name="afterEachTest" classname="com.sevenstar.testcases.场景用例" time="0">
    <skipped/>
  </testcase>
  <testcase name="afterEachTest" classname="com.sevenstar.testcases.场景用例" time="0">
    <skipped/>
  </testcase>
  <testcase name="关盘测试" classname="com.sevenstar.testcases.场景用例" time="0">
    <skipped message="Method 场景用例.关盘测试()[pri:0, instance:com.sevenstar.testcases.场景用例@16267862] depends on not successfully finished methods"/>
  </testcase>
  <testcase name="关盘测试" classname="com.sevenstar.testcases.场景用例" time="0">
    <skipped message="Method 场景用例.关盘测试()[pri:0, instance:com.sevenstar.testcases.场景用例@221af3c0] depends on not successfully finished methods"/>
  </testcase>
  <testcase name="关盘测试" classname="com.sevenstar.testcases.场景用例" time="0">
    <skipped message="Method 场景用例.关盘测试()[pri:0, instance:com.sevenstar.testcases.场景用例@ba8d91c] depends on not successfully finished methods"/>
  </testcase>
  <testcase name="关盘测试" classname="com.sevenstar.testcases.场景用例" time="0">
    <skipped message="Method 场景用例.关盘测试()[pri:0, instance:com.sevenstar.testcases.场景用例@61d47554] depends on not successfully finished methods"/>
  </testcase>
  <testcase name="分批赔率测试" classname="com.sevenstar.testcases.场景用例" time="0">
    <skipped message="Method 场景用例.分批赔率测试()[pri:0, instance:com.sevenstar.testcases.场景用例@16267862] depends on not successfully finished methods"/>
  </testcase>
  <testcase name="分批赔率测试" classname="com.sevenstar.testcases.场景用例" time="0">
    <skipped message="Method 场景用例.分批赔率测试()[pri:0, instance:com.sevenstar.testcases.场景用例@221af3c0] depends on not successfully finished methods"/>
  </testcase>
  <testcase name="分批赔率测试" classname="com.sevenstar.testcases.场景用例" time="0">
    <skipped message="Method 场景用例.分批赔率测试()[pri:0, instance:com.sevenstar.testcases.场景用例@ba8d91c] depends on not successfully finished methods"/>
  </testcase>
  <testcase name="分批赔率测试" classname="com.sevenstar.testcases.场景用例" time="0">
    <skipped message="Method 场景用例.分批赔率测试()[pri:0, instance:com.sevenstar.testcases.场景用例@61d47554] depends on not successfully finished methods"/>
  </testcase>
  <testcase name="越级操作测试" classname="com.sevenstar.testcases.场景用例" time="0">
    <skipped message="Method 场景用例.越级操作测试()[pri:0, instance:com.sevenstar.testcases.场景用例@16267862] depends on not successfully finished methods"/>
  </testcase>
  <testcase name="越级操作测试" classname="com.sevenstar.testcases.场景用例" time="0">
    <skipped message="Method 场景用例.越级操作测试()[pri:0, instance:com.sevenstar.testcases.场景用例@221af3c0] depends on not successfully finished methods"/>
  </testcase>
  <testcase name="越级操作测试" classname="com.sevenstar.testcases.场景用例" time="0">
    <skipped message="Method 场景用例.越级操作测试()[pri:0, instance:com.sevenstar.testcases.场景用例@ba8d91c] depends on not successfully finished methods"/>
  </testcase>
  <testcase name="越级操作测试" classname="com.sevenstar.testcases.场景用例" time="0">
    <skipped message="Method 场景用例.越级操作测试()[pri:0, instance:com.sevenstar.testcases.场景用例@61d47554] depends on not successfully finished methods"/>
  </testcase>
  <testcase name="拦货金额测试" classname="com.sevenstar.testcases.场景用例" time="0">
    <skipped message="Method 场景用例.拦货金额测试()[pri:0, instance:com.sevenstar.testcases.场景用例@16267862] depends on not successfully finished methods"/>
  </testcase>
  <testcase name="拦货金额测试" classname="com.sevenstar.testcases.场景用例" time="0">
    <skipped message="Method 场景用例.拦货金额测试()[pri:0, instance:com.sevenstar.testcases.场景用例@221af3c0] depends on not successfully finished methods"/>
  </testcase>
  <testcase name="拦货金额测试" classname="com.sevenstar.testcases.场景用例" time="0">
    <skipped message="Method 场景用例.拦货金额测试()[pri:0, instance:com.sevenstar.testcases.场景用例@ba8d91c] depends on not successfully finished methods"/>
  </testcase>
  <testcase name="拦货金额测试" classname="com.sevenstar.testcases.场景用例" time="0">
    <skipped message="Method 场景用例.拦货金额测试()[pri:0, instance:com.sevenstar.testcases.场景用例@61d47554] depends on not successfully finished methods"/>
  </testcase>
  <testcase name="开盘测试" classname="com.sevenstar.testcases.场景用例" time="0">
    <skipped message="Method 场景用例.开盘测试()[pri:0, instance:com.sevenstar.testcases.场景用例@16267862] depends on not successfully finished methods"/>
  </testcase>
  <testcase name="开盘测试" classname="com.sevenstar.testcases.场景用例" time="0">
    <skipped message="Method 场景用例.开盘测试()[pri:0, instance:com.sevenstar.testcases.场景用例@221af3c0] depends on not successfully finished methods"/>
  </testcase>
  <testcase name="开盘测试" classname="com.sevenstar.testcases.场景用例" time="0">
    <skipped message="Method 场景用例.开盘测试()[pri:0, instance:com.sevenstar.testcases.场景用例@ba8d91c] depends on not successfully finished methods"/>
  </testcase>
  <testcase name="开盘测试" classname="com.sevenstar.testcases.场景用例" time="0">
    <skipped message="Method 场景用例.开盘测试()[pri:0, instance:com.sevenstar.testcases.场景用例@61d47554] depends on not successfully finished methods"/>
  </testcase>
  <testcase name="快打下注测试" classname="com.sevenstar.testcases.场景用例" time="0">
    <skipped message="Method 场景用例.快打下注测试()[pri:0, instance:com.sevenstar.testcases.场景用例@16267862] depends on not successfully finished methods"/>
  </testcase>
  <testcase name="快打下注测试" classname="com.sevenstar.testcases.场景用例" time="0">
    <skipped message="Method 场景用例.快打下注测试()[pri:0, instance:com.sevenstar.testcases.场景用例@221af3c0] depends on not successfully finished methods"/>
  </testcase>
  <testcase name="快打下注测试" classname="com.sevenstar.testcases.场景用例" time="0">
    <skipped message="Method 场景用例.快打下注测试()[pri:0, instance:com.sevenstar.testcases.场景用例@ba8d91c] depends on not successfully finished methods"/>
  </testcase>
  <testcase name="快打下注测试" classname="com.sevenstar.testcases.场景用例" time="0">
    <skipped message="Method 场景用例.快打下注测试()[pri:0, instance:com.sevenstar.testcases.场景用例@61d47554] depends on not successfully finished methods"/>
  </testcase>
  <testcase name="结账前报表验证" classname="com.sevenstar.testcases.场景用例" time="0">
    <skipped message="Method 场景用例.结账前报表验证()[pri:0, instance:com.sevenstar.testcases.场景用例@16267862] depends on not successfully finished methods"/>
  </testcase>
  <testcase name="结账前报表验证" classname="com.sevenstar.testcases.场景用例" time="0">
    <skipped message="Method 场景用例.结账前报表验证()[pri:0, instance:com.sevenstar.testcases.场景用例@221af3c0] depends on not successfully finished methods"/>
  </testcase>
  <testcase name="结账前报表验证" classname="com.sevenstar.testcases.场景用例" time="0">
    <skipped message="Method 场景用例.结账前报表验证()[pri:0, instance:com.sevenstar.testcases.场景用例@ba8d91c] depends on not successfully finished methods"/>
  </testcase>
  <testcase name="结账前报表验证" classname="com.sevenstar.testcases.场景用例" time="0">
    <skipped message="Method 场景用例.结账前报表验证()[pri:0, instance:com.sevenstar.testcases.场景用例@61d47554] depends on not successfully finished methods"/>
  </testcase>
  <testcase name="关盘结账" classname="com.sevenstar.testcases.场景用例" time="0">
    <skipped message="Method 场景用例.关盘结账()[pri:0, instance:com.sevenstar.testcases.场景用例@16267862] depends on not successfully finished methods"/>
  </testcase>
  <testcase name="关盘结账" classname="com.sevenstar.testcases.场景用例" time="0">
    <skipped message="Method 场景用例.关盘结账()[pri:0, instance:com.sevenstar.testcases.场景用例@221af3c0] depends on not successfully finished methods"/>
  </testcase>
  <testcase name="关盘结账" classname="com.sevenstar.testcases.场景用例" time="0">
    <skipped message="Method 场景用例.关盘结账()[pri:0, instance:com.sevenstar.testcases.场景用例@ba8d91c] depends on not successfully finished methods"/>
  </testcase>
  <testcase name="关盘结账" classname="com.sevenstar.testcases.场景用例" time="0">
    <skipped message="Method 场景用例.关盘结账()[pri:0, instance:com.sevenstar.testcases.场景用例@61d47554] depends on not successfully finished methods"/>
  </testcase>
  <testcase name="结账后报表验证" classname="com.sevenstar.testcases.场景用例" time="0">
    <skipped message="Method 场景用例.结账后报表验证()[pri:0, instance:com.sevenstar.testcases.场景用例@16267862] depends on not successfully finished methods"/>
  </testcase>
  <testcase name="结账后报表验证" classname="com.sevenstar.testcases.场景用例" time="0">
    <skipped message="Method 场景用例.结账后报表验证()[pri:0, instance:com.sevenstar.testcases.场景用例@221af3c0] depends on not successfully finished methods"/>
  </testcase>
  <testcase name="结账后报表验证" classname="com.sevenstar.testcases.场景用例" time="0">
    <skipped message="Method 场景用例.结账后报表验证()[pri:0, instance:com.sevenstar.testcases.场景用例@ba8d91c] depends on not successfully finished methods"/>
  </testcase>
  <testcase name="结账后报表验证" classname="com.sevenstar.testcases.场景用例" time="0">
    <skipped message="Method 场景用例.结账后报表验证()[pri:0, instance:com.sevenstar.testcases.场景用例@61d47554] depends on not successfully finished methods"/>
  </testcase>
  <testcase name="tearDown" classname="com.sevenstar.testcases.场景用例" time="0">
    <skipped/>
  </testcase>
  <testcase name="tearDown" classname="com.sevenstar.testcases.场景用例" time="0">
    <skipped/>
  </testcase>
  <testcase name="tearDown" classname="com.sevenstar.testcases.场景用例" time="0">
    <skipped/>
  </testcase>
  <testcase name="tearDown" classname="com.sevenstar.testcases.场景用例" time="0">
    <skipped/>
  </testcase>
  <testcase name="afterSuite" classname="com.sevenstar.testcases.场景用例" time="0">
    <skipped/>
    <system-out><![CDATA[FAILED CONFIGURATION: @BeforeTest setUp("${browserName}", "单次下注未中奖场景")
java.lang.NullPointerException
	at org.openqa.selenium.interactions.Actions.<init>(Actions.java:44)
	at com.mte.base.MteSenseCore.<init>(MteSenseCore.java:85)
	at com.mte.base.MteSenseBaseCase.beforeClass(MteSenseBaseCase.java:64)
	at com.sevenstar.testcases.场景用例.setUp(场景用例.java:44)
	at sun.reflect.NativeMethodAccessorImpl.invoke0(Native Method)
	at sun.reflect.NativeMethodAccessorImpl.invoke(NativeMethodAccessorImpl.java:62)
	at sun.reflect.DelegatingMethodAccessorImpl.invoke(DelegatingMethodAccessorImpl.java:43)
	at java.lang.reflect.Method.invoke(Method.java:498)
	at org.testng.internal.MethodInvocationHelper.invokeMethod(MethodInvocationHelper.java:104)
	at org.testng.internal.Invoker.invokeConfigurationMethod(Invoker.java:515)
	at org.testng.internal.Invoker.invokeConfigurations(Invoker.java:217)
	at org.testng.internal.Invoker.invokeConfigurations(Invoker.java:144)
	at org.testng.TestRunner.beforeRun(TestRunner.java:634)
	at org.testng.TestRunner.run(TestRunner.java:602)
	at org.testng.SuiteRunner.runTest(SuiteRunner.java:387)
	at org.testng.SuiteRunner.runSequentially(SuiteRunner.java:382)
	at org.testng.SuiteRunner.privateRun(SuiteRunner.java:340)
	at org.testng.SuiteRunner.run(SuiteRunner.java:289)
	at org.testng.SuiteRunnerWorker.runSuite(SuiteRunnerWorker.java:52)
	at org.testng.SuiteRunnerWorker.run(SuiteRunnerWorker.java:86)
	at org.testng.TestNG.runSuitesSequentially(TestNG.java:1293)
	at org.testng.TestNG.runSuitesLocally(TestNG.java:1218)
	at org.testng.TestNG.runSuites(TestNG.java:1133)
	at org.testng.TestNG.run(TestNG.java:1104)
	at org.apache.maven.surefire.testng.TestNGExecutor.run(TestNGExecutor.java:281)
	at org.apache.maven.surefire.testng.TestNGXmlTestSuite.execute(TestNGXmlTestSuite.java:75)
	at org.apache.maven.surefire.testng.TestNGProvider.invoke(TestNGProvider.java:121)
	at org.apache.maven.surefire.booter.ForkedBooter.invokeProviderInSameClassLoader(ForkedBooter.java:290)
	at org.apache.maven.surefire.booter.ForkedBooter.runSuitesInProcess(ForkedBooter.java:242)
	at org.apache.maven.surefire.booter.ForkedBooter.main(ForkedBooter.java:121)

SKIPPED CONFIGURATION: @BeforeMethod startTest
SKIPPED CONFIGURATION: @AfterMethod afterEachTest
SKIPPED CONFIGURATION: @AfterTest tearDown
SKIPPED: 设置定盘数据测试
java.lang.NullPointerException
	at org.openqa.selenium.interactions.Actions.<init>(Actions.java:44)
	at com.mte.base.MteSenseCore.<init>(MteSenseCore.java:85)
	at com.mte.base.MteSenseBaseCase.beforeClass(MteSenseBaseCase.java:64)
	at com.sevenstar.testcases.场景用例.setUp(场景用例.java:44)
	at sun.reflect.NativeMethodAccessorImpl.invoke0(Native Method)
	at sun.reflect.NativeMethodAccessorImpl.invoke(NativeMethodAccessorImpl.java:62)
	at sun.reflect.DelegatingMethodAccessorImpl.invoke(DelegatingMethodAccessorImpl.java:43)
	at java.lang.reflect.Method.invoke(Method.java:498)
	at org.testng.internal.MethodInvocationHelper.invokeMethod(MethodInvocationHelper.java:104)
	at org.testng.internal.Invoker.invokeConfigurationMethod(Invoker.java:515)
	at org.testng.internal.Invoker.invokeConfigurations(Invoker.java:217)
	at org.testng.internal.Invoker.invokeConfigurations(Invoker.java:144)
	at org.testng.TestRunner.beforeRun(TestRunner.java:634)
	at org.testng.TestRunner.run(TestRunner.java:602)
	at org.testng.SuiteRunner.runTest(SuiteRunner.java:387)
	at org.testng.SuiteRunner.runSequentially(SuiteRunner.java:382)
	at org.testng.SuiteRunner.privateRun(SuiteRunner.java:340)
	at org.testng.SuiteRunner.run(SuiteRunner.java:289)
	at org.testng.SuiteRunnerWorker.runSuite(SuiteRunnerWorker.java:52)
	at org.testng.SuiteRunnerWorker.run(SuiteRunnerWorker.java:86)
	at org.testng.TestNG.runSuitesSequentially(TestNG.java:1293)
	at org.testng.TestNG.runSuitesLocally(TestNG.java:1218)
	at org.testng.TestNG.runSuites(TestNG.java:1133)
	at org.testng.TestNG.run(TestNG.java:1104)
	at org.apache.maven.surefire.testng.TestNGExecutor.run(TestNGExecutor.java:281)
	at org.apache.maven.surefire.testng.TestNGXmlTestSuite.execute(TestNGXmlTestSuite.java:75)
	at org.apache.maven.surefire.testng.TestNGProvider.invoke(TestNGProvider.java:121)
	at org.apache.maven.surefire.booter.ForkedBooter.invokeProviderInSameClassLoader(ForkedBooter.java:290)
	at org.apache.maven.surefire.booter.ForkedBooter.runSuitesInProcess(ForkedBooter.java:242)
	at org.apache.maven.surefire.booter.ForkedBooter.main(ForkedBooter.java:121)

SKIPPED: 关盘测试
java.lang.Throwable: Method 场景用例.关盘测试()[pri:0, instance:com.sevenstar.testcases.场景用例@61d47554] depends on not successfully finished methods
	at org.testng.internal.Invoker.invokeTestMethods(Invoker.java:1068)
	at org.testng.internal.TestMethodWorker.invokeTestMethods(TestMethodWorker.java:129)
	at org.testng.internal.TestMethodWorker.run(TestMethodWorker.java:112)
	at java.util.concurrent.ThreadPoolExecutor.runWorker(ThreadPoolExecutor.java:1142)
	at java.util.concurrent.ThreadPoolExecutor$Worker.run(ThreadPoolExecutor.java:617)
	at java.lang.Thread.run(Thread.java:745)

SKIPPED: 分批赔率测试
java.lang.Throwable: Method 场景用例.分批赔率测试()[pri:0, instance:com.sevenstar.testcases.场景用例@61d47554] depends on not successfully finished methods
	at org.testng.internal.Invoker.invokeTestMethods(Invoker.java:1068)
	at org.testng.internal.TestMethodWorker.invokeTestMethods(TestMethodWorker.java:129)
	at org.testng.internal.TestMethodWorker.run(TestMethodWorker.java:112)
	at java.util.concurrent.ThreadPoolExecutor.runWorker(ThreadPoolExecutor.java:1142)
	at java.util.concurrent.ThreadPoolExecutor$Worker.run(ThreadPoolExecutor.java:617)
	at java.lang.Thread.run(Thread.java:745)

SKIPPED: 越级操作测试
java.lang.Throwable: Method 场景用例.越级操作测试()[pri:0, instance:com.sevenstar.testcases.场景用例@61d47554] depends on not successfully finished methods
	at org.testng.internal.Invoker.invokeTestMethods(Invoker.java:1068)
	at org.testng.internal.TestMethodWorker.invokeTestMethods(TestMethodWorker.java:129)
	at org.testng.internal.TestMethodWorker.run(TestMethodWorker.java:112)
	at java.util.concurrent.ThreadPoolExecutor.runWorker(ThreadPoolExecutor.java:1142)
	at java.util.concurrent.ThreadPoolExecutor$Worker.run(ThreadPoolExecutor.java:617)
	at java.lang.Thread.run(Thread.java:745)

SKIPPED: 拦货金额测试
java.lang.Throwable: Method 场景用例.拦货金额测试()[pri:0, instance:com.sevenstar.testcases.场景用例@61d47554] depends on not successfully finished methods
	at org.testng.internal.Invoker.invokeTestMethods(Invoker.java:1068)
	at org.testng.internal.TestMethodWorker.invokeTestMethods(TestMethodWorker.java:129)
	at org.testng.internal.TestMethodWorker.run(TestMethodWorker.java:112)
	at java.util.concurrent.ThreadPoolExecutor.runWorker(ThreadPoolExecutor.java:1142)
	at java.util.concurrent.ThreadPoolExecutor$Worker.run(ThreadPoolExecutor.java:617)
	at java.lang.Thread.run(Thread.java:745)

SKIPPED: 开盘测试
java.lang.Throwable: Method 场景用例.开盘测试()[pri:0, instance:com.sevenstar.testcases.场景用例@61d47554] depends on not successfully finished methods
	at org.testng.internal.Invoker.invokeTestMethods(Invoker.java:1068)
	at org.testng.internal.TestMethodWorker.invokeTestMethods(TestMethodWorker.java:129)
	at org.testng.internal.TestMethodWorker.run(TestMethodWorker.java:112)
	at java.util.concurrent.ThreadPoolExecutor.runWorker(ThreadPoolExecutor.java:1142)
	at java.util.concurrent.ThreadPoolExecutor$Worker.run(ThreadPoolExecutor.java:617)
	at java.lang.Thread.run(Thread.java:745)

SKIPPED: 快打下注测试
java.lang.Throwable: Method 场景用例.快打下注测试()[pri:0, instance:com.sevenstar.testcases.场景用例@61d47554] depends on not successfully finished methods
	at org.testng.internal.Invoker.invokeTestMethods(Invoker.java:1068)
	at org.testng.internal.TestMethodWorker.invokeTestMethods(TestMethodWorker.java:129)
	at org.testng.internal.TestMethodWorker.run(TestMethodWorker.java:112)
	at java.util.concurrent.ThreadPoolExecutor.runWorker(ThreadPoolExecutor.java:1142)
	at java.util.concurrent.ThreadPoolExecutor$Worker.run(ThreadPoolExecutor.java:617)
	at java.lang.Thread.run(Thread.java:745)

SKIPPED: 结账前报表验证
java.lang.Throwable: Method 场景用例.结账前报表验证()[pri:0, instance:com.sevenstar.testcases.场景用例@61d47554] depends on not successfully finished methods
	at org.testng.internal.Invoker.invokeTestMethods(Invoker.java:1068)
	at org.testng.internal.TestMethodWorker.invokeTestMethods(TestMethodWorker.java:129)
	at org.testng.internal.TestMethodWorker.run(TestMethodWorker.java:112)
	at java.util.concurrent.ThreadPoolExecutor.runWorker(ThreadPoolExecutor.java:1142)
	at java.util.concurrent.ThreadPoolExecutor$Worker.run(ThreadPoolExecutor.java:617)
	at java.lang.Thread.run(Thread.java:745)

SKIPPED: 关盘结账
java.lang.Throwable: Method 场景用例.关盘结账()[pri:0, instance:com.sevenstar.testcases.场景用例@61d47554] depends on not successfully finished methods
	at org.testng.internal.Invoker.invokeTestMethods(Invoker.java:1068)
	at org.testng.internal.TestMethodWorker.invokeTestMethods(TestMethodWorker.java:129)
	at org.testng.internal.TestMethodWorker.run(TestMethodWorker.java:112)
	at java.util.concurrent.ThreadPoolExecutor.runWorker(ThreadPoolExecutor.java:1142)
	at java.util.concurrent.ThreadPoolExecutor$Worker.run(ThreadPoolExecutor.java:617)
	at java.lang.Thread.run(Thread.java:745)

SKIPPED: 结账后报表验证
java.lang.Throwable: Method 场景用例.结账后报表验证()[pri:0, instance:com.sevenstar.testcases.场景用例@61d47554] depends on not successfully finished methods
	at org.testng.internal.Invoker.invokeTestMethods(Invoker.java:1068)
	at org.testng.internal.TestMethodWorker.invokeTestMethods(TestMethodWorker.java:129)
	at org.testng.internal.TestMethodWorker.run(TestMethodWorker.java:112)
	at java.util.concurrent.ThreadPoolExecutor.runWorker(ThreadPoolExecutor.java:1142)
	at java.util.concurrent.ThreadPoolExecutor$Worker.run(ThreadPoolExecutor.java:617)
	at java.lang.Thread.run(Thread.java:745)


===============================================
    4
    Tests run: 10, Failures: 0, Skips: 10
    Configuration Failures: 1, Skips: 3
===============================================

]]></system-out>
  </testcase>
</testsuite>