<?xml version="1.0" encoding="UTF-8"?>
<testng-results skipped="0" failed="0" ignored="0" total="1" passed="1">
  <reporter-output>
  </reporter-output>
  <suite name="MiniRegression" duration-ms="22936" started-at="2017-02-27T09:26:30Z" finished-at="2017-02-27T09:26:53Z">
    <groups>
      <group name="示例用例">
        <method signature="示例用例.testMain()[pri:0, instance:com.sevenstar.testcases.示例用例@3ffcd140]" name="testMain" class="com.sevenstar.testcases.示例用例"/>
      </group> <!-- 示例用例 -->
    </groups>
    <test name="Default test" duration-ms="22936" started-at="2017-02-27T09:26:30Z" finished-at="2017-02-27T09:26:53Z">
      <class name="com.sevenstar.testcases.示例用例">
        <test-method status="PASS" signature="setUp()[pri:0, instance:com.sevenstar.testcases.示例用例@3ffcd140]" name="setUp" is-config="true" duration-ms="6708" started-at="2017-02-27T17:26:30Z" finished-at="2017-02-27T17:26:37Z">
          <reporter-output>
          </reporter-output>
        </test-method> <!-- setUp -->
        <test-method status="PASS" signature="testMain()[pri:0, instance:com.sevenstar.testcases.示例用例@3ffcd140]" name="testMain" duration-ms="16046" started-at="2017-02-27T17:26:37Z" finished-at="2017-02-27T17:26:53Z">
          <reporter-output>
          </reporter-output>
        </test-method> <!-- testMain -->
        <test-method status="PASS" signature="afterEachTest(org.testng.ITestResult)[pri:0, instance:com.sevenstar.testcases.示例用例@3ffcd140]" name="afterEachTest" is-config="true" duration-ms="172" started-at="2017-02-27T17:26:53Z" finished-at="2017-02-27T17:26:53Z">
          <params>
            <param index="0">
              <value>
                <![CDATA[[TestResult name=testMain status=SUCCESS method=示例用例.testMain()[pri:0, instance:com.sevenstar.testcases.示例用例@3ffcd140] output={null}]]]>
              </value>
            </param>
          </params>
          <reporter-output>
          </reporter-output>
        </test-method> <!-- afterEachTest -->
        <test-method status="PASS" signature="tearDown()[pri:0, instance:com.sevenstar.testcases.示例用例@3ffcd140]" name="tearDown" is-config="true" duration-ms="0" started-at="2017-02-27T17:26:53Z" finished-at="2017-02-27T17:26:53Z">
          <reporter-output>
          </reporter-output>
        </test-method> <!-- tearDown -->
        <test-method status="PASS" signature="afterSuite()[pri:0, instance:com.sevenstar.testcases.示例用例@3ffcd140]" name="afterSuite" is-config="true" duration-ms="47" started-at="2017-02-27T17:26:53Z" finished-at="2017-02-27T17:26:53Z">
          <reporter-output>
          </reporter-output>
        </test-method> <!-- afterSuite -->
      </class> <!-- com.sevenstar.testcases.示例用例 -->
    </test> <!-- Default test -->
  </suite> <!-- MiniRegression -->
</testng-results>
